p_class:
[1.9024499e-01 1.4200364e-03 1.0479812e-03 8.7136678e-02 2.8519104e-03
 3.2082404e-04 4.3579726e-04 3.8028210e-02 3.3298819e-04 3.1581339e-01
 5.0523872e-03 1.8885322e-02 8.5185654e-03 3.2976463e-01 1.4634932e-04]
[0.0854302  0.04799891 0.01776819 0.1474094  0.03720655 0.00888741
 0.01331094 0.07781589 0.0104564  0.11292685 0.03561617 0.21895814
 0.07762165 0.0999795  0.00861376]
[0.0793854  0.04795879 0.01497811 0.14919856 0.03381364 0.00720087
 0.01096137 0.07679245 0.00854732 0.10771619 0.03276991 0.25077245
 0.07637698 0.09675472 0.00677331]
[0.07616127 0.05223689 0.01592308 0.1460171  0.03489397 0.00805592
 0.01181665 0.0786685  0.00942844 0.10244108 0.0345476  0.25208762
 0.07708261 0.09320851 0.00743069]
[0.06959984 0.05820869 0.01606015 0.14352682 0.03488001 0.0087283
 0.01229024 0.08080558 0.00988236 0.09406587 0.03560171 0.264017
 0.07614686 0.08859187 0.00759471]

mu_class:
[[ 0.08975898  0.16929202  0.22980921 -0.02319371  0.09270439 -0.1892822
   0.14095049  0.05553497  0.07890519  0.23859993  0.21231046 -0.14098838
   0.14250836 -0.01690096  0.02986141]
 [-0.19277216 -0.01069382  0.26199514  0.06216826  0.15897305 -0.14479864
  -0.1256877  -0.15738663  0.19843271  0.29618952 -0.17366496  0.2378611
   0.1326495   0.06673741  0.2758501 ]
 [ 0.25322536 -0.01400795 -0.10427791  0.10510863  0.11880736  0.12681568
  -0.17824142  0.0136628  -0.15770458  0.26987207 -0.01937635 -0.12494811
   0.03842312  0.20026611  0.05006436]
 [ 0.2040417   0.21247315  0.1856697   0.24374509  0.08192004  0.30879653
   0.16771841  0.16001093  0.20443259  0.12497357  0.2076404  -0.13473837
   0.0070462   0.27230167 -0.02536749]
 [ 0.08700053 -0.02249942  0.09510443 -0.06295528  0.14916804  0.11522193
   0.22856434 -0.09929603 -0.08308556 -0.01947679  0.2114779   0.20877281
  -0.02500417  0.20899542 -0.13279298]
 [ 0.13672337 -0.00925418  0.06283494 -0.06980526  0.2558374   0.2597773
  -0.00868244  0.21495554 -0.20575394  0.09199603  0.27232137  0.07767908
   0.07484026  0.31648138 -0.0628602 ]
 [ 0.24271142  0.24134675  0.12624851  0.06483014  0.28575444 -0.20245221
  -0.0039235   0.28082794  0.13624269 -0.06264059 -0.15326364  0.21412729
   0.06948203  0.19904329 -0.22965914]
 [ 0.13235351 -0.20283478 -0.10975599 -0.03756064  0.09901328  0.06830441
   0.17535068 -0.05341706 -0.19983093 -0.05001352 -0.19060686  0.11754081
  -0.20738706  0.25634497 -0.05559837]
 [-0.08488323  0.03865049 -0.20298104  0.04277794 -0.1981272   0.0834545
   0.00656842 -0.01373946 -0.1422502   0.11606242 -0.01378923  0.24084806
  -0.13422912 -0.07094415 -0.10691553]
 [-0.05781193 -0.14226782 -0.03621986  0.00050937  0.12245607  0.06905926
   0.03328668  0.19752575 -0.17526247  0.16618219  0.07086169 -0.01310326
  -0.15732373  0.02313836  0.29741713]
 [ 0.08657271 -0.20013505 -0.14475636  0.26020518  0.30231145 -0.1961293
   0.29140073 -0.02989898 -0.00328357  0.2811187   0.24838902  0.20111376
   0.14974667  0.2752977   0.04771188]
 [-0.13278012  0.14662817 -0.01259771  0.22995563 -0.10149245  0.25200713
   0.12010603 -0.16297983 -0.02992837 -0.0732998  -0.12897214  0.0924459
  -0.17661276  0.3196338   0.01215206]
 [-0.13757907 -0.04438873  0.03120903 -0.13935344  0.07276948 -0.18183562
  -0.12239911  0.19475651  0.13545808  0.22722755  0.25524265  0.24670269
  -0.02774044 -0.21239714  0.21288057]
 [ 0.05450467  0.05770347  0.21417278  0.09166174 -0.08846045  0.21267056
   0.13755387  0.07675654  0.10578243 -0.06798478 -0.03997064 -0.00739214
   0.29703644  0.20937051  0.11506985]
 [ 0.17902197 -0.16680594  0.27117193 -0.15452531  0.06818265 -0.15453264
   0.03752532 -0.01870974  0.17088942 -0.16527882  0.03306149  0.13549188
  -0.17028499  0.14166673 -0.05288976]]

mu:
[[0.27031893 0.24744959 0.24100035 0.24017996 0.23731431]
 [0.15945452 0.18270476 0.18791178 0.18670066 0.18716493]
 [0.13323392 0.08544925 0.08341865 0.08234695 0.080728  ]
 [0.1096902  0.15033479 0.15748599 0.15728292 0.15983269]
 [0.08963079 0.09719403 0.09045203 0.09148821 0.09050232]
 [0.01645008 0.02508893 0.0338957  0.03203345 0.03330427]
 [0.07700001 0.06470576 0.06617048 0.06499811 0.06419425]
 [0.3582071  0.27677488 0.26950437 0.2669037  0.2611916 ]
 [0.08153898 0.09591299 0.0961649  0.09602273 0.09611528]
 [0.23877282 0.22823766 0.22238442 0.22257164 0.22058314]
 [0.10006544 0.0763292  0.06945404 0.06754987 0.06237484]
 [0.04894844 0.12949972 0.13043179 0.13395995 0.1383852 ]
 [0.2330539  0.145976   0.1394433  0.13883322 0.1362528 ]
 [0.2557366  0.3083942  0.31517792 0.3159144  0.31975776]
 [0.09162965 0.02067384 0.01981676 0.01867574 0.01684585]]

a:
[[ 1.8595400e+00 -5.7328723e-02 -3.6138441e-02 -2.0281971e-02
   7.6781324e-04]]

g:
15.767158508300781
